[2020-05-18 14:45:00.000] [org.springframework.boot.StartupInfoLogger] [main] [50] [INFO ] Starting ChannelApplication on DESKTOP-6F07NI3 with PID 18268 (started by Admin in F:\GIT码云\GeRen\埋点\api8030\yunny-channel)
[2020-05-18 14:45:00.000] [org.springframework.boot.SpringApplication] [main] [679] [INFO ] The following profiles are active: local
[2020-05-18 14:45:01.001] [org.springframework.data.repository.config.RepositoryConfigurationDelegate] [main] [244] [INFO ] Multiple Spring Data modules found, entering strict repository configuration mode!
[2020-05-18 14:45:01.001] [org.springframework.data.repository.config.RepositoryConfigurationDelegate] [main] [126] [INFO ] Bootstrapping Spring Data repositories in DEFAULT mode.
[2020-05-18 14:45:01.001] [org.springframework.data.repository.config.RepositoryConfigurationDelegate] [main] [182] [INFO ] Finished Spring Data repository scanning in 23ms. Found 0 repository interfaces.
[2020-05-18 14:45:01.001] [org.springframework.context.support.PostProcessorRegistrationDelegate$BeanPostProcessorChecker] [main] [330] [INFO ] Bean 'redisConfig' of type [com.yunny.channel.redis.config.RedisConfig$$EnhancerBySpringCGLIB$$60ca1033] is not eligible for getting processed by all BeanPostProcessors (for example: not eligible for auto-proxying)
[2020-05-18 14:45:01.001] [org.springframework.context.support.PostProcessorRegistrationDelegate$BeanPostProcessorChecker] [main] [330] [INFO ] Bean 'org.springframework.transaction.annotation.ProxyTransactionManagementConfiguration' of type [org.springframework.transaction.annotation.ProxyTransactionManagementConfiguration$$EnhancerBySpringCGLIB$$2230fbc1] is not eligible for getting processed by all BeanPostProcessors (for example: not eligible for auto-proxying)
[2020-05-18 14:45:02.002] [org.springframework.boot.web.embedded.tomcat.TomcatWebServer] [main] [90] [INFO ] Tomcat initialized with port(s): 8081 (http)
[2020-05-18 14:45:02.002] [org.apache.juli.logging.DirectJDKLog] [main] [173] [INFO ] Initializing ProtocolHandler ["http-nio-8081"]
[2020-05-18 14:45:02.002] [org.apache.juli.logging.DirectJDKLog] [main] [173] [INFO ] Starting service [Tomcat]
[2020-05-18 14:45:02.002] [org.apache.juli.logging.DirectJDKLog] [main] [173] [INFO ] Starting Servlet engine: [Apache Tomcat/9.0.17]
[2020-05-18 14:45:02.002] [org.apache.juli.logging.DirectJDKLog] [main] [173] [INFO ] Initializing Spring embedded WebApplicationContext
[2020-05-18 14:45:02.002] [org.springframework.boot.web.servlet.context.ServletWebServerApplicationContext] [main] [296] [INFO ] Root WebApplicationContext: initialization completed in 1679 ms
[2020-05-18 14:45:03.003] [org.springframework.scheduling.concurrent.ExecutorConfigurationSupport] [main] [171] [INFO ] Initializing ExecutorService 'applicationTaskExecutor'
[2020-05-18 14:45:03.003] [org.springframework.amqp.rabbit.connection.AbstractConnectionFactory] [main] [460] [INFO ] Attempting to connect to: [192.168.7.241:5672]
[2020-05-18 14:45:03.003] [org.springframework.amqp.rabbit.connection.AbstractConnectionFactory] [main] [496] [INFO ] Created new connection: rabbitConnectionFactory#4aebee4b:0/SimpleConnection@2864f887 [delegate=amqp://yunny@192.168.7.241:5672//channel/local, localPort= 62259]
[2020-05-18 14:45:03.003] [org.apache.juli.logging.DirectJDKLog] [main] [173] [INFO ] Starting ProtocolHandler ["http-nio-8081"]
[2020-05-18 14:45:03.003] [org.springframework.boot.web.embedded.tomcat.TomcatWebServer] [main] [204] [INFO ] Tomcat started on port(s): 8081 (http) with context path ''
[2020-05-18 14:45:03.003] [org.springframework.boot.StartupInfoLogger] [main] [59] [INFO ] Started ChannelApplication in 4.074 seconds (JVM running for 4.933)
[2020-05-18 14:46:04.004] [org.springframework.boot.StartupInfoLogger] [main] [50] [INFO ] Starting ChannelApplication on DESKTOP-6F07NI3 with PID 15404 (started by Admin in F:\GIT码云\GeRen\埋点\api8030\yunny-channel)
[2020-05-18 14:46:04.004] [org.springframework.boot.SpringApplication] [main] [679] [INFO ] The following profiles are active: local
[2020-05-18 14:46:05.005] [org.springframework.data.repository.config.RepositoryConfigurationDelegate] [main] [244] [INFO ] Multiple Spring Data modules found, entering strict repository configuration mode!
[2020-05-18 14:46:05.005] [org.springframework.data.repository.config.RepositoryConfigurationDelegate] [main] [126] [INFO ] Bootstrapping Spring Data repositories in DEFAULT mode.
[2020-05-18 14:46:05.005] [org.springframework.data.repository.config.RepositoryConfigurationDelegate] [main] [182] [INFO ] Finished Spring Data repository scanning in 65ms. Found 0 repository interfaces.
[2020-05-18 14:46:06.006] [org.springframework.context.support.PostProcessorRegistrationDelegate$BeanPostProcessorChecker] [main] [330] [INFO ] Bean 'redisConfig' of type [com.yunny.channel.redis.config.RedisConfig$$EnhancerBySpringCGLIB$$703689ba] is not eligible for getting processed by all BeanPostProcessors (for example: not eligible for auto-proxying)
[2020-05-18 14:46:06.006] [org.springframework.context.support.PostProcessorRegistrationDelegate$BeanPostProcessorChecker] [main] [330] [INFO ] Bean 'org.springframework.transaction.annotation.ProxyTransactionManagementConfiguration' of type [org.springframework.transaction.annotation.ProxyTransactionManagementConfiguration$$EnhancerBySpringCGLIB$$319d7548] is not eligible for getting processed by all BeanPostProcessors (for example: not eligible for auto-proxying)
[2020-05-18 14:46:06.006] [org.springframework.boot.web.embedded.tomcat.TomcatWebServer] [main] [90] [INFO ] Tomcat initialized with port(s): 8081 (http)
[2020-05-18 14:46:06.006] [org.apache.juli.logging.DirectJDKLog] [main] [173] [INFO ] Initializing ProtocolHandler ["http-nio-8081"]
[2020-05-18 14:46:06.006] [org.apache.juli.logging.DirectJDKLog] [main] [173] [INFO ] Starting service [Tomcat]
[2020-05-18 14:46:06.006] [org.apache.juli.logging.DirectJDKLog] [main] [173] [INFO ] Starting Servlet engine: [Apache Tomcat/9.0.17]
[2020-05-18 14:46:06.006] [org.apache.juli.logging.DirectJDKLog] [main] [173] [INFO ] Initializing Spring embedded WebApplicationContext
[2020-05-18 14:46:06.006] [org.springframework.boot.web.servlet.context.ServletWebServerApplicationContext] [main] [296] [INFO ] Root WebApplicationContext: initialization completed in 1998 ms
[2020-05-18 14:46:07.007] [org.springframework.scheduling.concurrent.ExecutorConfigurationSupport] [main] [171] [INFO ] Initializing ExecutorService 'applicationTaskExecutor'
[2020-05-18 14:46:07.007] [org.springframework.amqp.rabbit.connection.AbstractConnectionFactory] [main] [460] [INFO ] Attempting to connect to: [192.168.7.241:5672]
[2020-05-18 14:46:08.008] [org.springframework.amqp.rabbit.connection.AbstractConnectionFactory] [main] [496] [INFO ] Created new connection: rabbitConnectionFactory#4ed18798:0/SimpleConnection@3b021664 [delegate=amqp://yunny@192.168.7.241:5672//channel/local, localPort= 62306]
[2020-05-18 14:46:08.008] [org.apache.juli.logging.DirectJDKLog] [main] [173] [INFO ] Starting ProtocolHandler ["http-nio-8081"]
[2020-05-18 14:46:08.008] [org.springframework.boot.web.embedded.tomcat.TomcatWebServer] [main] [204] [INFO ] Tomcat started on port(s): 8081 (http) with context path ''
[2020-05-18 14:46:08.008] [org.springframework.boot.StartupInfoLogger] [main] [59] [INFO ] Started ChannelApplication in 4.669 seconds (JVM running for 5.484)
[2020-05-18 14:46:28.028] [org.apache.juli.logging.DirectJDKLog] [http-nio-8081-exec-1] [173] [INFO ] Initializing Spring DispatcherServlet 'dispatcherServlet'
[2020-05-18 14:46:28.028] [org.springframework.web.servlet.FrameworkServlet] [http-nio-8081-exec-1] [524] [INFO ] Initializing Servlet 'dispatcherServlet'
[2020-05-18 14:46:28.028] [org.springframework.web.servlet.FrameworkServlet] [http-nio-8081-exec-1] [546] [INFO ] Completed initialization in 8 ms
[2020-05-18 14:46:28.028] [io.lettuce.core.EpollProvider] [http-nio-8081-exec-1] [68] [INFO ] Starting without optional epoll library
[2020-05-18 14:46:28.028] [io.lettuce.core.KqueueProvider] [http-nio-8081-exec-1] [70] [INFO ] Starting without optional kqueue library
[2020-05-18 14:46:29.029] [com.yunny.channel.service.impl.UserBaseInfoServiceImpl] [http-nio-8081-exec-1] [135] [INFO ] 操作异常，异常信息:-[{}]-
java.lang.ArithmeticException: / by zero
	at com.yunny.channel.service.impl.UserBaseInfoServiceImpl.testSendMq(UserBaseInfoServiceImpl.java:120)
	at com.yunny.channel.controller.UserController.testSendMq(UserController.java:53)
	at sun.reflect.NativeMethodAccessorImpl.invoke0(Native Method)
	at sun.reflect.NativeMethodAccessorImpl.invoke(NativeMethodAccessorImpl.java:62)
	at sun.reflect.DelegatingMethodAccessorImpl.invoke(DelegatingMethodAccessorImpl.java:43)
	at java.lang.reflect.Method.invoke(Method.java:498)
	at org.springframework.web.method.support.InvocableHandlerMethod.doInvoke(InvocableHandlerMethod.java:189)
	at org.springframework.web.method.support.InvocableHandlerMethod.invokeForRequest(InvocableHandlerMethod.java:138)
	at org.springframework.web.servlet.mvc.method.annotation.ServletInvocableHandlerMethod.invokeAndHandle(ServletInvocableHandlerMethod.java:102)
	at org.springframework.web.servlet.mvc.method.annotation.RequestMappingHandlerAdapter.invokeHandlerMethod(RequestMappingHandlerAdapter.java:892)
	at org.springframework.web.servlet.mvc.method.annotation.RequestMappingHandlerAdapter.handleInternal(RequestMappingHandlerAdapter.java:797)
	at org.springframework.web.servlet.mvc.method.AbstractHandlerMethodAdapter.handle(AbstractHandlerMethodAdapter.java:87)
	at org.springframework.web.servlet.DispatcherServlet.doDispatch(DispatcherServlet.java:1038)
	at org.springframework.web.servlet.DispatcherServlet.doService(DispatcherServlet.java:942)
	at org.springframework.web.servlet.FrameworkServlet.processRequest(FrameworkServlet.java:1005)
	at org.springframework.web.servlet.FrameworkServlet.doPost(FrameworkServlet.java:908)
	at javax.servlet.http.HttpServlet.service(HttpServlet.java:660)
	at org.springframework.web.servlet.FrameworkServlet.service(FrameworkServlet.java:882)
	at javax.servlet.http.HttpServlet.service(HttpServlet.java:741)
	at org.apache.catalina.core.ApplicationFilterChain.internalDoFilter(ApplicationFilterChain.java:231)
	at org.apache.catalina.core.ApplicationFilterChain.doFilter(ApplicationFilterChain.java:166)
	at org.apache.tomcat.websocket.server.WsFilter.doFilter(WsFilter.java:53)
	at org.apache.catalina.core.ApplicationFilterChain.internalDoFilter(ApplicationFilterChain.java:193)
	at org.apache.catalina.core.ApplicationFilterChain.doFilter(ApplicationFilterChain.java:166)
	at org.springframework.web.filter.RequestContextFilter.doFilterInternal(RequestContextFilter.java:99)
	at org.springframework.web.filter.OncePerRequestFilter.doFilter(OncePerRequestFilter.java:107)
	at org.apache.catalina.core.ApplicationFilterChain.internalDoFilter(ApplicationFilterChain.java:193)
	at org.apache.catalina.core.ApplicationFilterChain.doFilter(ApplicationFilterChain.java:166)
	at org.springframework.web.filter.FormContentFilter.doFilterInternal(FormContentFilter.java:92)
	at org.springframework.web.filter.OncePerRequestFilter.doFilter(OncePerRequestFilter.java:107)
	at org.apache.catalina.core.ApplicationFilterChain.internalDoFilter(ApplicationFilterChain.java:193)
	at org.apache.catalina.core.ApplicationFilterChain.doFilter(ApplicationFilterChain.java:166)
	at org.springframework.web.filter.HiddenHttpMethodFilter.doFilterInternal(HiddenHttpMethodFilter.java:93)
	at org.springframework.web.filter.OncePerRequestFilter.doFilter(OncePerRequestFilter.java:107)
	at org.apache.catalina.core.ApplicationFilterChain.internalDoFilter(ApplicationFilterChain.java:193)
	at org.apache.catalina.core.ApplicationFilterChain.doFilter(ApplicationFilterChain.java:166)
	at org.springframework.web.filter.CharacterEncodingFilter.doFilterInternal(CharacterEncodingFilter.java:200)
	at org.springframework.web.filter.OncePerRequestFilter.doFilter(OncePerRequestFilter.java:107)
	at org.apache.catalina.core.ApplicationFilterChain.internalDoFilter(ApplicationFilterChain.java:193)
	at org.apache.catalina.core.ApplicationFilterChain.doFilter(ApplicationFilterChain.java:166)
	at org.apache.catalina.core.StandardWrapperValve.invoke(StandardWrapperValve.java:200)
	at org.apache.catalina.core.StandardContextValve.invoke(StandardContextValve.java:96)
	at org.apache.catalina.authenticator.AuthenticatorBase.invoke(AuthenticatorBase.java:490)
	at org.apache.catalina.core.StandardHostValve.invoke(StandardHostValve.java:139)
	at org.apache.catalina.valves.ErrorReportValve.invoke(ErrorReportValve.java:92)
	at org.apache.catalina.core.StandardEngineValve.invoke(StandardEngineValve.java:74)
	at org.apache.catalina.connector.CoyoteAdapter.service(CoyoteAdapter.java:343)
	at org.apache.coyote.http11.Http11Processor.service(Http11Processor.java:408)
	at org.apache.coyote.AbstractProcessorLight.process(AbstractProcessorLight.java:66)
	at org.apache.coyote.AbstractProtocol$ConnectionHandler.process(AbstractProtocol.java:834)
	at org.apache.tomcat.util.net.NioEndpoint$SocketProcessor.doRun(NioEndpoint.java:1415)
	at org.apache.tomcat.util.net.SocketProcessorBase.run(SocketProcessorBase.java:49)
	at java.util.concurrent.ThreadPoolExecutor.runWorker(ThreadPoolExecutor.java:1149)
	at java.util.concurrent.ThreadPoolExecutor$Worker.run(ThreadPoolExecutor.java:624)
	at org.apache.tomcat.util.threads.TaskThread$WrappingRunnable.run(TaskThread.java:61)
	at java.lang.Thread.run(Thread.java:748)
